ERROR:flask_migrate:Error: Directory migrations already exists and is not empty
ERROR:flask_migrate:Error: Path doesn't exist: migrations.  Please use the 'init' command to create a new scripts folder.
INFO:werkzeug:[31m[1mWARNING: This is a development server. Do not use it in a production deployment. Use a production WSGI server instead.[0m
 * Running on http://127.0.0.1:5000
INFO:werkzeug:[33mPress CTRL+C to quit[0m
INFO:werkzeug: * Restarting with stat
WARNING:werkzeug: * Debugger is active!
INFO:werkzeug: * Debugger PIN: 391-843-475
INFO:werkzeug:127.0.0.1 - - [15/Jun/2025 19:52:59] "[33mGET / HTTP/1.1[0m" 404 -
INFO:werkzeug:127.0.0.1 - - [15/Jun/2025 19:52:59] "[33mGET /favicon.ico HTTP/1.1[0m" 404 -
INFO:werkzeug: * Detected change in 'C:\\Users\\brova\\PythonProject\\PythonProject\\PythonProject\\FlaskProject\\Community_Pulse\\app\\__init__.py', reloading
INFO:werkzeug: * Restarting with stat
WARNING:werkzeug: * Debugger is active!
INFO:werkzeug: * Debugger PIN: 391-843-475
INFO:werkzeug:127.0.0.1 - - [15/Jun/2025 19:57:29] "GET / HTTP/1.1" 200 -
INFO:werkzeug: * Detected change in 'C:\\Users\\brova\\PythonProject\\PythonProject\\PythonProject\\FlaskProject\\Community_Pulse\\app\\models\\category.py', reloading
INFO:werkzeug: * Restarting with stat
WARNING:werkzeug: * Debugger is active!
INFO:werkzeug: * Debugger PIN: 391-843-475
INFO:werkzeug: * Detected change in 'C:\\Users\\brova\\PythonProject\\PythonProject\\PythonProject\\FlaskProject\\Community_Pulse\\app\\models\\question.py', reloading
INFO:werkzeug: * Restarting with stat
WARNING:werkzeug: * Debugger is active!
INFO:werkzeug: * Debugger PIN: 391-843-475
INFO:werkzeug: * Detected change in 'C:\\Users\\brova\\PythonProject\\PythonProject\\PythonProject\\FlaskProject\\Community_Pulse\\app\\models\\__init__.py', reloading
INFO:werkzeug: * Restarting with stat
